
Showing logs for build [32mcb-kubecd-environment-pr-199-11-l86nk-1[0m stage [32mfrom-build-pack[0m and container [32mstep-credential-initializer-hpft5[0m
{"level":"warn","ts":1586739371.9394867,"logger":"fallback-logger","caller":"logging/config.go:69","msg":"Fetch GitHub commit ID from kodata failed: \"ref: refs/heads/0.8.0-**-support-backwards-incompats\" is not a valid GitHub commit ID"}
{"level":"info","ts":1586739371.9402103,"logger":"fallback-logger","caller":"creds-init/main.go:40","msg":"Credentials initialized."}

Showing logs for build [32mcb-kubecd-environment-pr-199-11-l86nk-1[0m stage [32mfrom-build-pack[0m and container [32mstep-working-dir-initializer-5p84c[0m
{"level":"warn","ts":1586739373.3888059,"logger":"fallback-logger","caller":"logging/config.go:69","msg":"Fetch GitHub commit ID from kodata failed: open /var/run/ko/HEAD: no such file or directory"}
{"level":"info","ts":1586739373.393812,"logger":"fallback-logger","caller":"bash/main.go:64","msg":"Successfully executed command \"sh -c mkdir -p /workspace/source\"; output "}

Showing logs for build [32mcb-kubecd-environment-pr-199-11-l86nk-1[0m stage [32mfrom-build-pack[0m and container [32mstep-place-tools[0m

Showing logs for build [32mcb-kubecd-environment-pr-199-11-l86nk-1[0m stage [32mfrom-build-pack[0m and container [32mstep-git-source-cb-kubecd-environment-pr-199-11-l86nk-2gzcr[0m
{"level":"warn","ts":1586739377.422472,"logger":"fallback-logger","caller":"logging/config.go:69","msg":"Fetch GitHub commit ID from kodata failed: \"ref: refs/heads/0.8.0-**-support-backwards-incompats\" is not a valid GitHub commit ID"}
{"level":"info","ts":1586739378.4092877,"logger":"fallback-logger","caller":"git/git.go:103","msg":"Successfully cloned https://github.com/cb-kubecd/environment-pr-199-114-boot-vault-gke-production.git @ master in path /workspace/source"}

Showing logs for build [32mcb-kubecd-environment-pr-199-11-l86nk-1[0m stage [32mfrom-build-pack[0m and container [32mstep-git-merge[0m
Using SHAs from PULL_REFS=master:0ebd83e3b01bd5e15846205ae5c883f35042819f,1:87299e4613c4ddd6e71e30cbf88f0b17e7eab9ba
DEBUG: LC_ALL=C JX_LOG_LEVEL=error git fetch origin --unshallow 87299e4613c4ddd6e71e30cbf88f0b17e7eab9ba: 0ebd83e3b01bd5e15846205ae5c883f35042819f:
DEBUG: ran git fetch --unshallow origin 87299e4613c4ddd6e71e30cbf88f0b17e7eab9ba: 0ebd83e3b01bd5e15846205ae5c883f35042819f: in 
DEBUG: LC_ALL=C JX_LOG_LEVEL=error git branch
DEBUG: LC_ALL=C JX_LOG_LEVEL=error git checkout master
DEBUG: ran git checkout master in 
DEBUG: LC_ALL=C JX_LOG_LEVEL=error git reset --hard 0ebd83e3b01bd5e15846205ae5c883f35042819f
DEBUG: ran git reset --hard 0ebd83e3b01bd5e15846205ae5c883f35042819f in 
DEBUG: LC_ALL=C JX_LOG_LEVEL=error git clean -fd .
DEBUG: ran clean --force -d . in 
DEBUG: LC_ALL=C JX_LOG_LEVEL=error git merge 87299e4613c4ddd6e71e30cbf88f0b17e7eab9ba
DEBUG: ran git merge 87299e4613c4ddd6e71e30cbf88f0b17e7eab9ba in 
DEBUG: LC_ALL=C JX_LOG_LEVEL=error git log --format=%H%x1f%an%x1f%ae%x1f%cn%x1f%ce%x1f%s%n%b%x1e 0ebd83e3b01bd5e15846205ae5c883f35042819f..HEAD
Merged SHA 87299e4613c4ddd6e71e30cbf88f0b17e7eab9ba with commit message 'chore: Promote bdd-spring-1586737932 to version 0.0.1' into base branch master

Showing logs for build [32mcb-kubecd-environment-pr-199-11-l86nk-1[0m stage [32mfrom-build-pack[0m and container [32mstep-build-helm-build[0m
WARNING: No $CHART_REPOSITORY defined so using the default value of: http://jenkins-x-chartmuseum:8080
Adding missing Helm repo: storage.googleapis.com https://storage.googleapis.com/chartmuseum.jenkins-x.io
WARNING: No secrets found on "helm/repos" due: reading the secret "helm/repos" from vault: no secret "helm/repos" not found in vault
Read credentials for https://storage.googleapis.com/chartmuseum.jenkins-x.io from vault helm/repos
Successfully added Helm repository storage.googleapis.com.
Adding missing Helm repo: jenkins-x-chartmuseum http://jenkins-x-chartmuseum:8080
WARNING: No secrets found on "helm/repos" due: reading the secret "helm/repos" from vault: no secret "helm/repos" not found in vault
Read credentials for http://jenkins-x-chartmuseum:8080 from vault helm/repos
Successfully added Helm repository jenkins-x-chartmuseum.
WARNING: No $CHART_REPOSITORY defined so using the default value of: http://jenkins-x-chartmuseum:8080
Adding missing Helm repo: chartmuseum.jenkins-x.io http://chartmuseum.jenkins-x.io
WARNING: No secrets found on "helm/repos" due: reading the secret "helm/repos" from vault: no secret "helm/repos" not found in vault
Read credentials for http://chartmuseum.jenkins-x.io from vault helm/repos
Successfully added Helm repository chartmuseum.jenkins-x.io.
